<?xml version="1.0" encoding="UTF-8"?>
<testsuite name="com.samsung.genuicraft.GenerationMetricsUiTest" tests="3" skipped="0" failures="0" errors="0" timestamp="2026-09-18T05:32:52" hostname="NOTEBOOK-PC" time="0.098">
  <properties/>
  <testcase name="retrySummaryUsesTokenWeightedNativeDecodeAndMeasuredRequestWallTime" classname="com.samsung.genuicraft.GenerationMetricsUiTest" time="0.09"/>
  <testcase name="modelOutputUsesReportedMetricsAndLegacyOutputFallbackWithoutEstimating" classname="com.samsung.genuicraft.GenerationMetricsUiTest" time="0.008"/>
  <testcase name="incompleteAttemptMetricsDoNotProduceMisleadingTotalsOrRates" classname="com.samsung.genuicraft.GenerationMetricsUiTest" time="0.0"/>
  <system-out><![CDATA[]]></system-out>
  <system-err><![CDATA[]]></system-err>
</testsuite>
