<?xml version="1.0" encoding="UTF-8"?>
<testsuite name="com.samsung.genuicraft.GemmaDownloadUiTest" tests="2" skipped="0" failures="0" errors="0" timestamp="2026-09-18T05:32:52" hostname="NOTEBOOK-PC" time="0.009">
  <properties/>
  <testcase name="managedGemmaRequiresVerifiedModelButRendererOnlyRemainsAvailable" classname="com.samsung.genuicraft.GemmaDownloadUiTest" time="0.008"/>
  <testcase name="localFileAndGaussDoNotDependOnManagedDownloadState" classname="com.samsung.genuicraft.GemmaDownloadUiTest" time="0.0"/>
  <system-out><![CDATA[]]></system-out>
  <system-err><![CDATA[]]></system-err>
</testsuite>
