<?xml version="1.0" encoding="UTF-8"?>
<testsuite name="com.samsung.genuicraft.inference.SdkGemmaModelDownloadTest" tests="7" skipped="0" failures="0" errors="0" timestamp="2026-09-18T05:32:52" hostname="NOTEBOOK-PC" time="0.31">
  <properties/>
  <testcase name="wrong size and wrong hash cannot become ready" classname="com.samsung.genuicraft.inference.SdkGemmaModelDownloadTest" time="0.237"/>
  <testcase name="persisted OS transfer recovers progress above two GiB without restarting" classname="com.samsung.genuicraft.inference.SdkGemmaModelDownloadTest" time="0.009"/>
  <testcase name="cancel racing verification never promotes the partial file" classname="com.samsung.genuicraft.inference.SdkGemmaModelDownloadTest" time="0.021"/>
  <testcase name="failed or missing OS download requires explicit retry" classname="com.samsung.genuicraft.inference.SdkGemmaModelDownloadTest" time="0.006"/>
  <testcase name="bookkeeping failure preserves an existing verified model" classname="com.samsung.genuicraft.inference.SdkGemmaModelDownloadTest" time="0.02"/>
  <testcase name="existing unmarked managed file is verified without enqueue or manual file mutation" classname="com.samsung.genuicraft.inference.SdkGemmaModelDownloadTest" time="0.011"/>
  <testcase name="completed download is verified before promotion" classname="com.samsung.genuicraft.inference.SdkGemmaModelDownloadTest" time="0.006"/>
  <system-out><![CDATA[]]></system-out>
  <system-err><![CDATA[]]></system-err>
</testsuite>
